<?xml version="1.0" encoding="UTF-8"?>
<testng-results ignored="0" total="1" passed="1" failed="0" skipped="0">
  <reporter-output>
  </reporter-output>
  <suite started-at="2023-04-19T03:21:00 IST" name="Default suite" finished-at="2023-04-19T03:21:23 IST" duration-ms="23589">
    <groups>
    </groups>
    <test started-at="2023-04-19T03:21:00 IST" name="Default test" finished-at="2023-04-19T03:21:23 IST" duration-ms="23589">
      <class name="cpm.au.test.BasePage.BasePage">
        <test-method is-config="true" signature="loadBrowserDetails()[pri:0, instance:cpm.au.test.BasePage.BasePage@1ea9f6af]" started-at="2023-04-19T03:21:00 IST" name="loadBrowserDetails" finished-at="2023-04-19T03:21:06 IST" duration-ms="5895" status="PASS">
          <reporter-output>
          </reporter-output>
        </test-method> <!-- loadBrowserDetails -->
        <test-method signature="getUrlInstance()[pri:0, instance:cpm.au.test.BasePage.BasePage@1ea9f6af]" started-at="2023-04-19T03:21:06 IST" name="getUrlInstance" finished-at="2023-04-19T03:21:23 IST" duration-ms="17638" status="PASS">
          <reporter-output>
          </reporter-output>
        </test-method> <!-- getUrlInstance -->
      </class> <!-- cpm.au.test.BasePage.BasePage -->
    </test> <!-- Default test -->
  </suite> <!-- Default suite -->
</testng-results>
